2025-08-31 16:11:51,152 - INFO - S3 Bucket Cleaner initialized
2025-08-31 16:11:51,152 - INFO - ============================================================
2025-08-31 16:11:51,152 - INFO - S3 BUCKET CLEANUP PROCESS
2025-08-31 16:11:51,152 - INFO - ============================================================
2025-08-31 16:11:51,152 - INFO - Target bucket: sp500-top-10-sector-leaders-ohlcv-s3bkt
2025-08-31 16:11:51,152 - INFO - Step 1: Initializing S3 client...
2025-08-31 16:11:51,163 - INFO - Found credentials in shared credentials file: ~/.aws/credentials
2025-08-31 16:11:51,608 - INFO - S3 client initialized successfully for bucket: sp500-top-10-sector-leaders-ohlcv-s3bkt
2025-08-31 16:11:51,609 - INFO - Step 2: Listing current objects...
2025-08-31 16:11:51,702 - INFO - Found 36 objects in bucket sp500-top-10-sector-leaders-ohlcv-s3bkt
2025-08-31 16:11:51,702 - INFO - Step 3: About to delete 36 objects...
2025-08-31 16:11:51,702 - INFO - Sample objects to be deleted:
2025-08-31 16:11:51,702 - INFO -   1. AAPL_2024_01.parquet
2025-08-31 16:11:51,702 - INFO -   2. AAPL_2024_02.parquet
2025-08-31 16:11:51,702 - INFO -   3. AAPL_2024_03.parquet
2025-08-31 16:11:51,702 - INFO -   4. AAPL_2024_04.parquet
2025-08-31 16:11:51,702 - INFO -   5. AAPL_2024_05.parquet
2025-08-31 16:11:51,702 - INFO -   6. AAPL_2024_06.parquet
2025-08-31 16:11:51,702 - INFO -   7. AAPL_2024_07.parquet
2025-08-31 16:11:51,702 - INFO -   8. AAPL_2024_08.parquet
2025-08-31 16:11:51,702 - INFO -   9. AAPL_2024_09.parquet
2025-08-31 16:11:51,702 - INFO -   10. AAPL_2024_10.parquet
2025-08-31 16:11:51,702 - INFO -   ... and 26 more objects
2025-08-31 16:11:51,702 - INFO - Step 4: Deleting all objects...
2025-08-31 16:11:51,754 - INFO - Found 36 objects in bucket sp500-top-10-sector-leaders-ohlcv-s3bkt
2025-08-31 16:11:51,754 - INFO - Starting deletion of 36 objects...
2025-08-31 16:11:52,275 - INFO - Deleted batch of 36 objects
2025-08-31 16:11:52,276 - INFO - Successfully deleted 36 objects from bucket sp500-top-10-sector-leaders-ohlcv-s3bkt
2025-08-31 16:11:52,276 - INFO - Step 5: Verifying cleanup...
2025-08-31 16:11:52,574 - INFO - Found 0 objects in bucket sp500-top-10-sector-leaders-ohlcv-s3bkt
2025-08-31 16:11:52,574 - INFO - ✅ Bucket is now empty
2025-08-31 16:11:52,574 - INFO - 🎉 S3 bucket cleanup completed successfully!
2025-08-31 16:11:52,574 - INFO - The bucket is now ready for new data uploads.
2025-08-31 16:11:52,574 - INFO - S3 bucket cleanup completed successfully
